[17:17:58] [ServerMain/INFO]: Building unoptimized datafixer
[17:18:01] [ServerMain/INFO]: Environment: authHost='https://authserver.mojang.com', accountsHost='https://api.mojang.com', sessionHost='https://sessionserver.mojang.com', servicesHost='https://api.minecraftservices.com', name='PROD'
[17:18:01] [ServerMain/INFO]: Found new data pack file/bukkit, loading it automatically
[17:18:04] [ServerMain/INFO]: Loaded 7 recipes
[17:18:06] [Server thread/INFO]: Starting minecraft server version 1.19.2
[17:18:06] [Server thread/INFO]: Loading properties
[17:18:06] [Server thread/INFO]: This server is running CraftBukkit version 3586-Spigot-4c157bb-5cc9c02 (MC: 1.19.2) (Implementing API version 1.19.2-R0.1-SNAPSHOT)
[17:18:06] [Server thread/INFO]: Debug logging is disabled
[17:18:06] [Server thread/INFO]: Server Ping Player Sample Count: 12
[17:18:06] [Server thread/INFO]: Using 4 threads for Netty based IO
[17:18:06] [Server thread/INFO]: Default game type: SURVIVAL
[17:18:06] [Server thread/INFO]: Generating keypair
[17:18:07] [Server thread/INFO]: Starting Minecraft server on *:25565
[17:18:07] [Server thread/INFO]: Using epoll channel type
[17:18:07] [Server thread/INFO]: Preparing level "world"
[17:18:08] [Server thread/INFO]: -------- World Settings For [world] --------
[17:18:08] [Server thread/INFO]: Entity Activation Range: An 32 / Mo 32 / Ra 48 / Mi 16 / Tiv true / Isa false
[17:18:08] [Server thread/INFO]: Entity Tracking Range: Pl 48 / An 48 / Mo 48 / Mi 32 / Other 64
[17:18:08] [Server thread/INFO]: Hopper Transfer: 8 Hopper Check: 1 Hopper Amount: 1 Hopper Can Load Chunks: false
[17:18:08] [Server thread/INFO]: Custom Map Seeds:  Village: 10387312 Desert: 14357617 Igloo: 14357618 Jungle: 14357619 Swamp: 14357620 Monument: 10387313 Ocean: 14357621 Shipwreck: 165745295 End City: 10387313 Slime: 987234911 Nether: 30084232 Mansion: 10387319 Fossil: 14357921 Portal: 34222645
[17:18:08] [Server thread/INFO]: Cactus Growth Modifier: 100%
[17:18:08] [Server thread/INFO]: Cane Growth Modifier: 100%
[17:18:08] [Server thread/INFO]: Melon Growth Modifier: 100%
[17:18:08] [Server thread/INFO]: Mushroom Growth Modifier: 100%
[17:18:08] [Server thread/INFO]: Pumpkin Growth Modifier: 100%
[17:18:08] [Server thread/INFO]: Sapling Growth Modifier: 100%
[17:18:08] [Server thread/INFO]: Beetroot Growth Modifier: 100%
[17:18:08] [Server thread/INFO]: Carrot Growth Modifier: 100%
[17:18:08] [Server thread/INFO]: Potato Growth Modifier: 100%
[17:18:08] [Server thread/INFO]: Wheat Growth Modifier: 100%
[17:18:08] [Server thread/INFO]: NetherWart Growth Modifier: 100%
[17:18:08] [Server thread/INFO]: Vine Growth Modifier: 100%
[17:18:08] [Server thread/INFO]: Cocoa Growth Modifier: 100%
[17:18:08] [Server thread/INFO]: Bamboo Growth Modifier: 100%
[17:18:08] [Server thread/INFO]: SweetBerry Growth Modifier: 100%
[17:18:08] [Server thread/INFO]: Kelp Growth Modifier: 100%
[17:18:08] [Server thread/INFO]: Experience Merge Radius: 3.0
[17:18:08] [Server thread/INFO]: Mob Spawn Range: 6
[17:18:08] [Server thread/INFO]: Max TNT Explosions: 100
[17:18:08] [Server thread/INFO]: Tile Max Tick Time: 50ms Entity max Tick Time: 50ms
[17:18:08] [Server thread/INFO]: Item Despawn Rate: 6000
[17:18:08] [Server thread/INFO]: Item Merge Radius: 2.5
[17:18:08] [Server thread/INFO]: View Distance: 10
[17:18:08] [Server thread/INFO]: Simulation Distance: 10
[17:18:08] [Server thread/INFO]: Allow Zombie Pigmen to spawn from portal blocks: true
[17:18:08] [Server thread/INFO]: Arrow Despawn Rate: 1200 Trident Respawn Rate:1200
[17:18:08] [Server thread/INFO]: Zombie Aggressive Towards Villager: true
[17:18:08] [Server thread/INFO]: Nerfing mobs spawned from spawners: false
[17:18:19] [Server thread/INFO]: -------- World Settings For [world_nether] --------
[17:18:19] [Server thread/INFO]: Entity Activation Range: An 32 / Mo 32 / Ra 48 / Mi 16 / Tiv true / Isa false
[17:18:19] [Server thread/INFO]: Entity Tracking Range: Pl 48 / An 48 / Mo 48 / Mi 32 / Other 64
[17:18:19] [Server thread/INFO]: Hopper Transfer: 8 Hopper Check: 1 Hopper Amount: 1 Hopper Can Load Chunks: false
[17:18:19] [Server thread/INFO]: Custom Map Seeds:  Village: 10387312 Desert: 14357617 Igloo: 14357618 Jungle: 14357619 Swamp: 14357620 Monument: 10387313 Ocean: 14357621 Shipwreck: 165745295 End City: 10387313 Slime: 987234911 Nether: 30084232 Mansion: 10387319 Fossil: 14357921 Portal: 34222645
[17:18:19] [Server thread/INFO]: Cactus Growth Modifier: 100%
[17:18:19] [Server thread/INFO]: Cane Growth Modifier: 100%
[17:18:19] [Server thread/INFO]: Melon Growth Modifier: 100%
[17:18:19] [Server thread/INFO]: Mushroom Growth Modifier: 100%
[17:18:19] [Server thread/INFO]: Pumpkin Growth Modifier: 100%
[17:18:19] [Server thread/INFO]: Sapling Growth Modifier: 100%
[17:18:19] [Server thread/INFO]: Beetroot Growth Modifier: 100%
[17:18:19] [Server thread/INFO]: Carrot Growth Modifier: 100%
[17:18:19] [Server thread/INFO]: Potato Growth Modifier: 100%
[17:18:19] [Server thread/INFO]: Wheat Growth Modifier: 100%
[17:18:19] [Server thread/INFO]: NetherWart Growth Modifier: 100%
[17:18:19] [Server thread/INFO]: Vine Growth Modifier: 100%
[17:18:19] [Server thread/INFO]: Cocoa Growth Modifier: 100%
[17:18:19] [Server thread/INFO]: Bamboo Growth Modifier: 100%
[17:18:19] [Server thread/INFO]: SweetBerry Growth Modifier: 100%
[17:18:19] [Server thread/INFO]: Kelp Growth Modifier: 100%
[17:18:19] [Server thread/INFO]: Experience Merge Radius: 3.0
[17:18:19] [Server thread/INFO]: Mob Spawn Range: 6
[17:18:19] [Server thread/INFO]: Max TNT Explosions: 100
[17:18:19] [Server thread/INFO]: Tile Max Tick Time: 50ms Entity max Tick Time: 50ms
[17:18:19] [Server thread/INFO]: Item Despawn Rate: 6000
[17:18:19] [Server thread/INFO]: Item Merge Radius: 2.5
[17:18:19] [Server thread/INFO]: View Distance: 10
[17:18:19] [Server thread/INFO]: Simulation Distance: 10
[17:18:19] [Server thread/INFO]: Allow Zombie Pigmen to spawn from portal blocks: true
[17:18:19] [Server thread/INFO]: Arrow Despawn Rate: 1200 Trident Respawn Rate:1200
[17:18:19] [Server thread/INFO]: Zombie Aggressive Towards Villager: true
[17:18:19] [Server thread/INFO]: Nerfing mobs spawned from spawners: false
[17:18:20] [Server thread/INFO]: -------- World Settings For [world_the_end] --------
[17:18:20] [Server thread/INFO]: Entity Activation Range: An 32 / Mo 32 / Ra 48 / Mi 16 / Tiv true / Isa false
[17:18:20] [Server thread/INFO]: Entity Tracking Range: Pl 48 / An 48 / Mo 48 / Mi 32 / Other 64
[17:18:20] [Server thread/INFO]: Hopper Transfer: 8 Hopper Check: 1 Hopper Amount: 1 Hopper Can Load Chunks: false
[17:18:20] [Server thread/INFO]: Custom Map Seeds:  Village: 10387312 Desert: 14357617 Igloo: 14357618 Jungle: 14357619 Swamp: 14357620 Monument: 10387313 Ocean: 14357621 Shipwreck: 165745295 End City: 10387313 Slime: 987234911 Nether: 30084232 Mansion: 10387319 Fossil: 14357921 Portal: 34222645
[17:18:20] [Server thread/INFO]: Cactus Growth Modifier: 100%
[17:18:20] [Server thread/INFO]: Cane Growth Modifier: 100%
[17:18:20] [Server thread/INFO]: Melon Growth Modifier: 100%
[17:18:20] [Server thread/INFO]: Mushroom Growth Modifier: 100%
[17:18:20] [Server thread/INFO]: Pumpkin Growth Modifier: 100%
[17:18:20] [Server thread/INFO]: Sapling Growth Modifier: 100%
[17:18:20] [Server thread/INFO]: Beetroot Growth Modifier: 100%
[17:18:20] [Server thread/INFO]: Carrot Growth Modifier: 100%
[17:18:20] [Server thread/INFO]: Potato Growth Modifier: 100%
[17:18:20] [Server thread/INFO]: Wheat Growth Modifier: 100%
[17:18:20] [Server thread/INFO]: NetherWart Growth Modifier: 100%
[17:18:20] [Server thread/INFO]: Vine Growth Modifier: 100%
[17:18:20] [Server thread/INFO]: Cocoa Growth Modifier: 100%
[17:18:20] [Server thread/INFO]: Bamboo Growth Modifier: 100%
[17:18:20] [Server thread/INFO]: SweetBerry Growth Modifier: 100%
[17:18:20] [Server thread/INFO]: Kelp Growth Modifier: 100%
[17:18:20] [Server thread/INFO]: Experience Merge Radius: 3.0
[17:18:20] [Server thread/INFO]: Mob Spawn Range: 6
[17:18:20] [Server thread/INFO]: Max TNT Explosions: 100
[17:18:20] [Server thread/INFO]: Tile Max Tick Time: 50ms Entity max Tick Time: 50ms
[17:18:20] [Server thread/INFO]: Item Despawn Rate: 6000
[17:18:20] [Server thread/INFO]: Item Merge Radius: 2.5
[17:18:20] [Server thread/INFO]: View Distance: 10
[17:18:20] [Server thread/INFO]: Simulation Distance: 10
[17:18:20] [Server thread/INFO]: Allow Zombie Pigmen to spawn from portal blocks: true
[17:18:20] [Server thread/INFO]: Arrow Despawn Rate: 1200 Trident Respawn Rate:1200
[17:18:20] [Server thread/INFO]: Zombie Aggressive Towards Villager: true
[17:18:20] [Server thread/INFO]: Nerfing mobs spawned from spawners: false
[17:18:21] [Server thread/INFO]: Preparing start region for dimension minecraft:overworld
[17:18:22] [Worker-Main-6/INFO]: Preparing spawn area: 0%
[17:18:22] [Worker-Main-6/INFO]: Preparing spawn area: 0%
[17:18:23] [Worker-Main-10/INFO]: Preparing spawn area: 0%
[17:18:23] [Worker-Main-9/INFO]: Preparing spawn area: 0%
[17:18:23] [Worker-Main-7/INFO]: Preparing spawn area: 0%
[17:18:23] [Worker-Main-3/INFO]: Preparing spawn area: 1%
[17:18:24] [Worker-Main-1/INFO]: Preparing spawn area: 3%
[17:18:24] [Worker-Main-9/INFO]: Preparing spawn area: 4%
[17:18:25] [Worker-Main-5/INFO]: Preparing spawn area: 8%
[17:18:25] [Worker-Main-10/INFO]: Preparing spawn area: 10%
[17:18:26] [Worker-Main-8/INFO]: Preparing spawn area: 14%
[17:18:26] [Worker-Main-10/INFO]: Preparing spawn area: 15%
[17:18:27] [Worker-Main-2/INFO]: Preparing spawn area: 19%
[17:18:28] [Worker-Main-5/INFO]: Preparing spawn area: 23%
[17:18:28] [Worker-Main-3/INFO]: Preparing spawn area: 26%
[17:18:29] [Worker-Main-9/INFO]: Preparing spawn area: 30%
[17:18:29] [Worker-Main-2/INFO]: Preparing spawn area: 33%
[17:18:29] [Worker-Main-8/INFO]: Preparing spawn area: 38%
[17:18:30] [Worker-Main-1/INFO]: Preparing spawn area: 42%
[17:18:31] [Worker-Main-4/INFO]: Preparing spawn area: 44%
[17:18:31] [Worker-Main-2/INFO]: Preparing spawn area: 49%
[17:18:32] [Worker-Main-7/INFO]: Preparing spawn area: 54%
[17:18:32] [Worker-Main-6/INFO]: Preparing spawn area: 58%
[17:18:32] [Worker-Main-11/INFO]: Preparing spawn area: 62%
[17:18:33] [Worker-Main-3/INFO]: Preparing spawn area: 68%
[17:18:33] [Worker-Main-9/INFO]: Preparing spawn area: 70%
[17:18:34] [Worker-Main-7/INFO]: Preparing spawn area: 75%
[17:18:34] [Worker-Main-1/INFO]: Preparing spawn area: 80%
[17:18:35] [Worker-Main-9/INFO]: Preparing spawn area: 84%
[17:18:36] [Worker-Main-2/INFO]: Preparing spawn area: 88%
[17:18:36] [Worker-Main-10/INFO]: Preparing spawn area: 92%
[17:18:37] [Worker-Main-3/INFO]: Preparing spawn area: 98%
[17:18:37] [Server thread/INFO]: Time elapsed: 15609 ms
[17:18:37] [Server thread/INFO]: Preparing start region for dimension minecraft:the_nether
[17:18:37] [Worker-Main-4/INFO]: Preparing spawn area: 0%
[17:18:37] [Worker-Main-3/INFO]: Preparing spawn area: 0%
[17:18:38] [Worker-Main-5/INFO]: Preparing spawn area: 1%
[17:18:38] [Worker-Main-6/INFO]: Preparing spawn area: 4%
[17:18:39] [Worker-Main-11/INFO]: Preparing spawn area: 7%
[17:18:39] [Worker-Main-3/INFO]: Preparing spawn area: 10%
[17:18:40] [Worker-Main-1/INFO]: Preparing spawn area: 15%
[17:18:40] [Worker-Main-1/INFO]: Preparing spawn area: 19%
[17:18:41] [Worker-Main-11/INFO]: Preparing spawn area: 23%
[17:18:41] [Worker-Main-1/INFO]: Preparing spawn area: 29%
[17:18:42] [Worker-Main-5/INFO]: Preparing spawn area: 33%
[17:18:42] [Worker-Main-4/INFO]: Preparing spawn area: 39%
[17:18:43] [Worker-Main-6/INFO]: Preparing spawn area: 44%
[17:18:43] [Worker-Main-1/INFO]: Preparing spawn area: 49%
[17:18:44] [Worker-Main-10/INFO]: Preparing spawn area: 55%
[17:18:44] [Worker-Main-8/INFO]: Preparing spawn area: 60%
[17:18:45] [Worker-Main-10/INFO]: Preparing spawn area: 67%
[17:18:45] [Worker-Main-9/INFO]: Preparing spawn area: 71%
[17:18:46] [Worker-Main-10/INFO]: Preparing spawn area: 76%
[17:18:46] [Worker-Main-2/INFO]: Preparing spawn area: 83%
[17:18:47] [Worker-Main-6/INFO]: Preparing spawn area: 87%
[17:18:47] [Worker-Main-10/INFO]: Preparing spawn area: 92%
[17:18:48] [Worker-Main-1/INFO]: Preparing spawn area: 99%
[17:18:48] [Server thread/INFO]: Time elapsed: 11035 ms
[17:18:48] [Server thread/INFO]: Preparing start region for dimension minecraft:the_end
[17:18:48] [Worker-Main-11/INFO]: Preparing spawn area: 0%
[17:18:48] [Worker-Main-2/INFO]: Preparing spawn area: 1%
[17:18:49] [Worker-Main-2/INFO]: Preparing spawn area: 19%
[17:18:49] [Worker-Main-9/INFO]: Preparing spawn area: 63%
[17:18:50] [Server thread/INFO]: Time elapsed: 1946 ms
[17:18:50] [Server thread/INFO]: Done (42.114s)! For help, type "help"
[17:20:18] [Server thread/INFO]: CONSOLE: [0;31;1mPlease note that this command is not supported and may cause issues when using some plugins.[m
[17:20:18] [Server thread/INFO]: CONSOLE: [0;31;1mIf you encounter any issues please use the /stop command to restart your server.[m
[17:20:18] [Server thread/INFO]: Debug logging is disabled
[17:20:18] [Server thread/INFO]: Server Ping Player Sample Count: 12
[17:20:18] [Server thread/INFO]: Using 4 threads for Netty based IO
[17:20:18] [Server thread/INFO]: -------- World Settings For [world] --------
[17:20:18] [Server thread/INFO]: Entity Activation Range: An 32 / Mo 32 / Ra 48 / Mi 16 / Tiv true / Isa false
[17:20:18] [Server thread/INFO]: Entity Tracking Range: Pl 48 / An 48 / Mo 48 / Mi 32 / Other 64
[17:20:18] [Server thread/INFO]: Hopper Transfer: 8 Hopper Check: 1 Hopper Amount: 1 Hopper Can Load Chunks: false
[17:20:18] [Server thread/INFO]: Custom Map Seeds:  Village: 10387312 Desert: 14357617 Igloo: 14357618 Jungle: 14357619 Swamp: 14357620 Monument: 10387313 Ocean: 14357621 Shipwreck: 165745295 End City: 10387313 Slime: 987234911 Nether: 30084232 Mansion: 10387319 Fossil: 14357921 Portal: 34222645
[17:20:18] [Server thread/INFO]: Cactus Growth Modifier: 100%
[17:20:18] [Server thread/INFO]: Cane Growth Modifier: 100%
[17:20:18] [Server thread/INFO]: Melon Growth Modifier: 100%
[17:20:18] [Server thread/INFO]: Mushroom Growth Modifier: 100%
[17:20:18] [Server thread/INFO]: Pumpkin Growth Modifier: 100%
[17:20:18] [Server thread/INFO]: Sapling Growth Modifier: 100%
[17:20:18] [Server thread/INFO]: Beetroot Growth Modifier: 100%
[17:20:18] [Server thread/INFO]: Carrot Growth Modifier: 100%
[17:20:18] [Server thread/INFO]: Potato Growth Modifier: 100%
[17:20:18] [Server thread/INFO]: Wheat Growth Modifier: 100%
[17:20:18] [Server thread/INFO]: NetherWart Growth Modifier: 100%
[17:20:18] [Server thread/INFO]: Vine Growth Modifier: 100%
[17:20:18] [Server thread/INFO]: Cocoa Growth Modifier: 100%
[17:20:18] [Server thread/INFO]: Bamboo Growth Modifier: 100%
[17:20:18] [Server thread/INFO]: SweetBerry Growth Modifier: 100%
[17:20:18] [Server thread/INFO]: Kelp Growth Modifier: 100%
[17:20:18] [Server thread/INFO]: Experience Merge Radius: 3.0
[17:20:18] [Server thread/INFO]: Mob Spawn Range: 6
[17:20:18] [Server thread/INFO]: Max TNT Explosions: 100
[17:20:18] [Server thread/INFO]: Tile Max Tick Time: 50ms Entity max Tick Time: 50ms
[17:20:18] [Server thread/INFO]: Item Despawn Rate: 6000
[17:20:18] [Server thread/INFO]: Item Merge Radius: 2.5
[17:20:18] [Server thread/INFO]: View Distance: 10
[17:20:18] [Server thread/INFO]: Simulation Distance: 10
[17:20:18] [Server thread/INFO]: Allow Zombie Pigmen to spawn from portal blocks: true
[17:20:18] [Server thread/INFO]: Arrow Despawn Rate: 1200 Trident Respawn Rate:1200
[17:20:18] [Server thread/INFO]: Zombie Aggressive Towards Villager: true
[17:20:18] [Server thread/INFO]: Nerfing mobs spawned from spawners: false
[17:20:18] [Server thread/INFO]: -------- World Settings For [world_nether] --------
[17:20:18] [Server thread/INFO]: Entity Activation Range: An 32 / Mo 32 / Ra 48 / Mi 16 / Tiv true / Isa false
[17:20:18] [Server thread/INFO]: Entity Tracking Range: Pl 48 / An 48 / Mo 48 / Mi 32 / Other 64
[17:20:18] [Server thread/INFO]: Hopper Transfer: 8 Hopper Check: 1 Hopper Amount: 1 Hopper Can Load Chunks: false
[17:20:18] [Server thread/INFO]: Custom Map Seeds:  Village: 10387312 Desert: 14357617 Igloo: 14357618 Jungle: 14357619 Swamp: 14357620 Monument: 10387313 Ocean: 14357621 Shipwreck: 165745295 End City: 10387313 Slime: 987234911 Nether: 30084232 Mansion: 10387319 Fossil: 14357921 Portal: 34222645
[17:20:18] [Server thread/INFO]: Cactus Growth Modifier: 100%
[17:20:18] [Server thread/INFO]: Cane Growth Modifier: 100%
[17:20:18] [Server thread/INFO]: Melon Growth Modifier: 100%
[17:20:18] [Server thread/INFO]: Mushroom Growth Modifier: 100%
[17:20:18] [Server thread/INFO]: Pumpkin Growth Modifier: 100%
[17:20:18] [Server thread/INFO]: Sapling Growth Modifier: 100%
[17:20:18] [Server thread/INFO]: Beetroot Growth Modifier: 100%
[17:20:18] [Server thread/INFO]: Carrot Growth Modifier: 100%
[17:20:18] [Server thread/INFO]: Potato Growth Modifier: 100%
[17:20:18] [Server thread/INFO]: Wheat Growth Modifier: 100%
[17:20:18] [Server thread/INFO]: NetherWart Growth Modifier: 100%
[17:20:18] [Server thread/INFO]: Vine Growth Modifier: 100%
[17:20:18] [Server thread/INFO]: Cocoa Growth Modifier: 100%
[17:20:18] [Server thread/INFO]: Bamboo Growth Modifier: 100%
[17:20:18] [Server thread/INFO]: SweetBerry Growth Modifier: 100%
[17:20:18] [Server thread/INFO]: Kelp Growth Modifier: 100%
[17:20:18] [Server thread/INFO]: Experience Merge Radius: 3.0
[17:20:18] [Server thread/INFO]: Mob Spawn Range: 6
[17:20:18] [Server thread/INFO]: Max TNT Explosions: 100
[17:20:18] [Server thread/INFO]: Tile Max Tick Time: 50ms Entity max Tick Time: 50ms
[17:20:18] [Server thread/INFO]: Item Despawn Rate: 6000
[17:20:18] [Server thread/INFO]: Item Merge Radius: 2.5
[17:20:18] [Server thread/INFO]: View Distance: 10
[17:20:18] [Server thread/INFO]: Simulation Distance: 10
[17:20:18] [Server thread/INFO]: Allow Zombie Pigmen to spawn from portal blocks: true
[17:20:18] [Server thread/INFO]: Arrow Despawn Rate: 1200 Trident Respawn Rate:1200
[17:20:18] [Server thread/INFO]: Zombie Aggressive Towards Villager: true
[17:20:18] [Server thread/INFO]: Nerfing mobs spawned from spawners: false
[17:20:18] [Server thread/INFO]: -------- World Settings For [world_the_end] --------
[17:20:18] [Server thread/INFO]: Entity Activation Range: An 32 / Mo 32 / Ra 48 / Mi 16 / Tiv true / Isa false
[17:20:18] [Server thread/INFO]: Entity Tracking Range: Pl 48 / An 48 / Mo 48 / Mi 32 / Other 64
[17:20:18] [Server thread/INFO]: Hopper Transfer: 8 Hopper Check: 1 Hopper Amount: 1 Hopper Can Load Chunks: false
[17:20:18] [Server thread/INFO]: Custom Map Seeds:  Village: 10387312 Desert: 14357617 Igloo: 14357618 Jungle: 14357619 Swamp: 14357620 Monument: 10387313 Ocean: 14357621 Shipwreck: 165745295 End City: 10387313 Slime: 987234911 Nether: 30084232 Mansion: 10387319 Fossil: 14357921 Portal: 34222645
[17:20:18] [Server thread/INFO]: Cactus Growth Modifier: 100%
[17:20:18] [Server thread/INFO]: Cane Growth Modifier: 100%
[17:20:18] [Server thread/INFO]: Melon Growth Modifier: 100%
[17:20:18] [Server thread/INFO]: Mushroom Growth Modifier: 100%
[17:20:18] [Server thread/INFO]: Pumpkin Growth Modifier: 100%
[17:20:18] [Server thread/INFO]: Sapling Growth Modifier: 100%
[17:20:18] [Server thread/INFO]: Beetroot Growth Modifier: 100%
[17:20:18] [Server thread/INFO]: Carrot Growth Modifier: 100%
[17:20:18] [Server thread/INFO]: Potato Growth Modifier: 100%
[17:20:18] [Server thread/INFO]: Wheat Growth Modifier: 100%
[17:20:18] [Server thread/INFO]: NetherWart Growth Modifier: 100%
[17:20:18] [Server thread/INFO]: Vine Growth Modifier: 100%
[17:20:18] [Server thread/INFO]: Cocoa Growth Modifier: 100%
[17:20:18] [Server thread/INFO]: Bamboo Growth Modifier: 100%
[17:20:18] [Server thread/INFO]: SweetBerry Growth Modifier: 100%
[17:20:18] [Server thread/INFO]: Kelp Growth Modifier: 100%
[17:20:18] [Server thread/INFO]: Experience Merge Radius: 3.0
[17:20:18] [Server thread/INFO]: Mob Spawn Range: 6
[17:20:18] [Server thread/INFO]: Max TNT Explosions: 100
[17:20:18] [Server thread/INFO]: Tile Max Tick Time: 50ms Entity max Tick Time: 50ms
[17:20:18] [Server thread/INFO]: Item Despawn Rate: 6000
[17:20:18] [Server thread/INFO]: Item Merge Radius: 2.5
[17:20:18] [Server thread/INFO]: View Distance: 10
[17:20:18] [Server thread/INFO]: Simulation Distance: 10
[17:20:18] [Server thread/INFO]: Allow Zombie Pigmen to spawn from portal blocks: true
[17:20:18] [Server thread/INFO]: Arrow Despawn Rate: 1200 Trident Respawn Rate:1200
[17:20:18] [Server thread/INFO]: Zombie Aggressive Towards Villager: true
[17:20:18] [Server thread/INFO]: Nerfing mobs spawned from spawners: false
[17:20:18] [Server thread/INFO]: Loaded 7 recipes
[17:20:18] [Server thread/ERROR]: Could not load 'plugins/EasyAfk-1.0.0.jar' in folder 'plugins'
org.bukkit.plugin.InvalidDescriptionException: Invalid plugin.yml
	at org.bukkit.plugin.java.JavaPluginLoader.getPluginDescription(JavaPluginLoader.java:170) ~[spigot-api-1.19.2-R0.1-SNAPSHOT.jar:?]
	at org.bukkit.plugin.SimplePluginManager.loadPlugins(SimplePluginManager.java:144) ~[spigot-api-1.19.2-R0.1-SNAPSHOT.jar:?]
	at org.bukkit.craftbukkit.v1_19_R1.CraftServer.loadPlugins(CraftServer.java:414) ~[spigot-1.19.2-R0.1-SNAPSHOT.jar:3586-Spigot-4c157bb-5cc9c02]
	at org.bukkit.craftbukkit.v1_19_R1.CraftServer.reload(CraftServer.java:922) ~[spigot-1.19.2-R0.1-SNAPSHOT.jar:3586-Spigot-4c157bb-5cc9c02]
	at org.bukkit.Bukkit.reload(Bukkit.java:802) ~[spigot-api-1.19.2-R0.1-SNAPSHOT.jar:?]
	at org.bukkit.command.defaults.ReloadCommand.execute(ReloadCommand.java:27) ~[spigot-api-1.19.2-R0.1-SNAPSHOT.jar:?]
	at org.bukkit.command.SimpleCommandMap.dispatch(SimpleCommandMap.java:149) ~[spigot-api-1.19.2-R0.1-SNAPSHOT.jar:?]
	at org.bukkit.craftbukkit.v1_19_R1.CraftServer.dispatchCommand(CraftServer.java:833) ~[spigot-1.19.2-R0.1-SNAPSHOT.jar:3586-Spigot-4c157bb-5cc9c02]
	at org.bukkit.craftbukkit.v1_19_R1.CraftServer.dispatchServerCommand(CraftServer.java:818) ~[spigot-1.19.2-R0.1-SNAPSHOT.jar:3586-Spigot-4c157bb-5cc9c02]
	at net.minecraft.server.dedicated.DedicatedServer.bg(DedicatedServer.java:419) ~[spigot-1.19.2-R0.1-SNAPSHOT.jar:3586-Spigot-4c157bb-5cc9c02]
	at net.minecraft.server.dedicated.DedicatedServer.b(DedicatedServer.java:395) ~[spigot-1.19.2-R0.1-SNAPSHOT.jar:3586-Spigot-4c157bb-5cc9c02]
	at net.minecraft.server.MinecraftServer.a(MinecraftServer.java:1197) ~[spigot-1.19.2-R0.1-SNAPSHOT.jar:3586-Spigot-4c157bb-5cc9c02]
	at net.minecraft.server.MinecraftServer.v(MinecraftServer.java:1013) ~[spigot-1.19.2-R0.1-SNAPSHOT.jar:3586-Spigot-4c157bb-5cc9c02]
	at net.minecraft.server.MinecraftServer.lambda$0(MinecraftServer.java:293) ~[spigot-1.19.2-R0.1-SNAPSHOT.jar:3586-Spigot-4c157bb-5cc9c02]
	at java.lang.Thread.run(Thread.java:833) [?:?]
Caused by: java.io.FileNotFoundException: Jar does not contain plugin.yml
	... 15 more
[17:20:18] [Server thread/INFO]: Server permissions file permissions.yml is empty, ignoring it
[17:20:18] [Server thread/INFO]: CONSOLE: [0;32;1mReload complete.[m
[17:26:35] [Server thread/INFO]: CONSOLE: [0;31;1mPlease note that this command is not supported and may cause issues when using some plugins.[m
[17:26:35] [Server thread/INFO]: CONSOLE: [0;31;1mIf you encounter any issues please use the /stop command to restart your server.[m
[17:26:35] [Server thread/INFO]: Debug logging is disabled
[17:26:35] [Server thread/INFO]: Server Ping Player Sample Count: 12
[17:26:35] [Server thread/INFO]: Using 4 threads for Netty based IO
[17:26:35] [Server thread/INFO]: -------- World Settings For [world] --------
[17:26:35] [Server thread/INFO]: Entity Activation Range: An 32 / Mo 32 / Ra 48 / Mi 16 / Tiv true / Isa false
[17:26:35] [Server thread/INFO]: Entity Tracking Range: Pl 48 / An 48 / Mo 48 / Mi 32 / Other 64
[17:26:35] [Server thread/INFO]: Hopper Transfer: 8 Hopper Check: 1 Hopper Amount: 1 Hopper Can Load Chunks: false
[17:26:35] [Server thread/INFO]: Custom Map Seeds:  Village: 10387312 Desert: 14357617 Igloo: 14357618 Jungle: 14357619 Swamp: 14357620 Monument: 10387313 Ocean: 14357621 Shipwreck: 165745295 End City: 10387313 Slime: 987234911 Nether: 30084232 Mansion: 10387319 Fossil: 14357921 Portal: 34222645
[17:26:35] [Server thread/INFO]: Cactus Growth Modifier: 100%
[17:26:35] [Server thread/INFO]: Cane Growth Modifier: 100%
[17:26:35] [Server thread/INFO]: Melon Growth Modifier: 100%
[17:26:35] [Server thread/INFO]: Mushroom Growth Modifier: 100%
[17:26:35] [Server thread/INFO]: Pumpkin Growth Modifier: 100%
[17:26:35] [Server thread/INFO]: Sapling Growth Modifier: 100%
[17:26:35] [Server thread/INFO]: Beetroot Growth Modifier: 100%
[17:26:35] [Server thread/INFO]: Carrot Growth Modifier: 100%
[17:26:35] [Server thread/INFO]: Potato Growth Modifier: 100%
[17:26:35] [Server thread/INFO]: Wheat Growth Modifier: 100%
[17:26:35] [Server thread/INFO]: NetherWart Growth Modifier: 100%
[17:26:35] [Server thread/INFO]: Vine Growth Modifier: 100%
[17:26:35] [Server thread/INFO]: Cocoa Growth Modifier: 100%
[17:26:35] [Server thread/INFO]: Bamboo Growth Modifier: 100%
[17:26:35] [Server thread/INFO]: SweetBerry Growth Modifier: 100%
[17:26:35] [Server thread/INFO]: Kelp Growth Modifier: 100%
[17:26:35] [Server thread/INFO]: Experience Merge Radius: 3.0
[17:26:35] [Server thread/INFO]: Mob Spawn Range: 6
[17:26:35] [Server thread/INFO]: Max TNT Explosions: 100
[17:26:35] [Server thread/INFO]: Tile Max Tick Time: 50ms Entity max Tick Time: 50ms
[17:26:35] [Server thread/INFO]: Item Despawn Rate: 6000
[17:26:35] [Server thread/INFO]: Item Merge Radius: 2.5
[17:26:35] [Server thread/INFO]: View Distance: 10
[17:26:35] [Server thread/INFO]: Simulation Distance: 10
[17:26:35] [Server thread/INFO]: Allow Zombie Pigmen to spawn from portal blocks: true
[17:26:35] [Server thread/INFO]: Arrow Despawn Rate: 1200 Trident Respawn Rate:1200
[17:26:35] [Server thread/INFO]: Zombie Aggressive Towards Villager: true
[17:26:35] [Server thread/INFO]: Nerfing mobs spawned from spawners: false
[17:26:35] [Server thread/INFO]: -------- World Settings For [world_nether] --------
[17:26:35] [Server thread/INFO]: Entity Activation Range: An 32 / Mo 32 / Ra 48 / Mi 16 / Tiv true / Isa false
[17:26:35] [Server thread/INFO]: Entity Tracking Range: Pl 48 / An 48 / Mo 48 / Mi 32 / Other 64
[17:26:35] [Server thread/INFO]: Hopper Transfer: 8 Hopper Check: 1 Hopper Amount: 1 Hopper Can Load Chunks: false
[17:26:35] [Server thread/INFO]: Custom Map Seeds:  Village: 10387312 Desert: 14357617 Igloo: 14357618 Jungle: 14357619 Swamp: 14357620 Monument: 10387313 Ocean: 14357621 Shipwreck: 165745295 End City: 10387313 Slime: 987234911 Nether: 30084232 Mansion: 10387319 Fossil: 14357921 Portal: 34222645
[17:26:35] [Server thread/INFO]: Cactus Growth Modifier: 100%
[17:26:35] [Server thread/INFO]: Cane Growth Modifier: 100%
[17:26:35] [Server thread/INFO]: Melon Growth Modifier: 100%
[17:26:35] [Server thread/INFO]: Mushroom Growth Modifier: 100%
[17:26:35] [Server thread/INFO]: Pumpkin Growth Modifier: 100%
[17:26:35] [Server thread/INFO]: Sapling Growth Modifier: 100%
[17:26:35] [Server thread/INFO]: Beetroot Growth Modifier: 100%
[17:26:35] [Server thread/INFO]: Carrot Growth Modifier: 100%
[17:26:35] [Server thread/INFO]: Potato Growth Modifier: 100%
[17:26:35] [Server thread/INFO]: Wheat Growth Modifier: 100%
[17:26:35] [Server thread/INFO]: NetherWart Growth Modifier: 100%
[17:26:35] [Server thread/INFO]: Vine Growth Modifier: 100%
[17:26:35] [Server thread/INFO]: Cocoa Growth Modifier: 100%
[17:26:35] [Server thread/INFO]: Bamboo Growth Modifier: 100%
[17:26:35] [Server thread/INFO]: SweetBerry Growth Modifier: 100%
[17:26:35] [Server thread/INFO]: Kelp Growth Modifier: 100%
[17:26:35] [Server thread/INFO]: Experience Merge Radius: 3.0
[17:26:35] [Server thread/INFO]: Mob Spawn Range: 6
[17:26:35] [Server thread/INFO]: Max TNT Explosions: 100
[17:26:35] [Server thread/INFO]: Tile Max Tick Time: 50ms Entity max Tick Time: 50ms
[17:26:35] [Server thread/INFO]: Item Despawn Rate: 6000
[17:26:35] [Server thread/INFO]: Item Merge Radius: 2.5
[17:26:35] [Server thread/INFO]: View Distance: 10
[17:26:35] [Server thread/INFO]: Simulation Distance: 10
[17:26:35] [Server thread/INFO]: Allow Zombie Pigmen to spawn from portal blocks: true
[17:26:35] [Server thread/INFO]: Arrow Despawn Rate: 1200 Trident Respawn Rate:1200
[17:26:35] [Server thread/INFO]: Zombie Aggressive Towards Villager: true
[17:26:35] [Server thread/INFO]: Nerfing mobs spawned from spawners: false
[17:26:35] [Server thread/INFO]: -------- World Settings For [world_the_end] --------
[17:26:35] [Server thread/INFO]: Entity Activation Range: An 32 / Mo 32 / Ra 48 / Mi 16 / Tiv true / Isa false
[17:26:35] [Server thread/INFO]: Entity Tracking Range: Pl 48 / An 48 / Mo 48 / Mi 32 / Other 64
[17:26:35] [Server thread/INFO]: Hopper Transfer: 8 Hopper Check: 1 Hopper Amount: 1 Hopper Can Load Chunks: false
[17:26:35] [Server thread/INFO]: Custom Map Seeds:  Village: 10387312 Desert: 14357617 Igloo: 14357618 Jungle: 14357619 Swamp: 14357620 Monument: 10387313 Ocean: 14357621 Shipwreck: 165745295 End City: 10387313 Slime: 987234911 Nether: 30084232 Mansion: 10387319 Fossil: 14357921 Portal: 34222645
[17:26:35] [Server thread/INFO]: Cactus Growth Modifier: 100%
[17:26:35] [Server thread/INFO]: Cane Growth Modifier: 100%
[17:26:35] [Server thread/INFO]: Melon Growth Modifier: 100%
[17:26:35] [Server thread/INFO]: Mushroom Growth Modifier: 100%
[17:26:35] [Server thread/INFO]: Pumpkin Growth Modifier: 100%
[17:26:35] [Server thread/INFO]: Sapling Growth Modifier: 100%
[17:26:35] [Server thread/INFO]: Beetroot Growth Modifier: 100%
[17:26:35] [Server thread/INFO]: Carrot Growth Modifier: 100%
[17:26:35] [Server thread/INFO]: Potato Growth Modifier: 100%
[17:26:35] [Server thread/INFO]: Wheat Growth Modifier: 100%
[17:26:35] [Server thread/INFO]: NetherWart Growth Modifier: 100%
[17:26:35] [Server thread/INFO]: Vine Growth Modifier: 100%
[17:26:35] [Server thread/INFO]: Cocoa Growth Modifier: 100%
[17:26:35] [Server thread/INFO]: Bamboo Growth Modifier: 100%
[17:26:35] [Server thread/INFO]: SweetBerry Growth Modifier: 100%
[17:26:35] [Server thread/INFO]: Kelp Growth Modifier: 100%
[17:26:35] [Server thread/INFO]: Experience Merge Radius: 3.0
[17:26:35] [Server thread/INFO]: Mob Spawn Range: 6
[17:26:35] [Server thread/INFO]: Max TNT Explosions: 100
[17:26:35] [Server thread/INFO]: Tile Max Tick Time: 50ms Entity max Tick Time: 50ms
[17:26:35] [Server thread/INFO]: Item Despawn Rate: 6000
[17:26:35] [Server thread/INFO]: Item Merge Radius: 2.5
[17:26:35] [Server thread/INFO]: View Distance: 10
[17:26:35] [Server thread/INFO]: Simulation Distance: 10
[17:26:35] [Server thread/INFO]: Allow Zombie Pigmen to spawn from portal blocks: true
[17:26:35] [Server thread/INFO]: Arrow Despawn Rate: 1200 Trident Respawn Rate:1200
[17:26:35] [Server thread/INFO]: Zombie Aggressive Towards Villager: true
[17:26:35] [Server thread/INFO]: Nerfing mobs spawned from spawners: false
[17:26:35] [Server thread/INFO]: Loaded 7 recipes
[17:26:36] [Server thread/WARN]: Initializing Legacy Material Support. Unless you have legacy plugins and/or data this is a bug!
[17:26:40] [Server thread/WARN]: Legacy plugin EasyAfk v1.0.0 does not specify an api-version.
[17:26:40] [Server thread/INFO]: [EasyAfk] Loading EasyAfk v1.0.0
[17:26:40] [Server thread/INFO]: [EasyAfk] Enabling EasyAfk v1.0.0
[17:26:40] [Server thread/INFO]: Hello, Spigot!
[17:26:40] [Server thread/INFO]: Server permissions file permissions.yml is empty, ignoring it
[17:26:40] [Server thread/INFO]: CONSOLE: [0;32;1mReload complete.[m
[17:26:40] [Server thread/WARN]: Can't keep up! Is the server overloaded? Running 5020ms or 100 ticks behind
